<?xml version="1.0" encoding="UTF-8"?>
<testsuite name="site.bmraubo.todo.TestTaskMaster" tests="5" skipped="0" failures="0" errors="0" timestamp="2022-03-11T15:03:17" hostname="Bartoszs-MacBook-Pro.local" time="0.004">
  <properties/>
  <testcase name="removeTaskTest()" classname="site.bmraubo.todo.TestTaskMaster" time="0.001"/>
  <testcase name="addTaskTest()" classname="site.bmraubo.todo.TestTaskMaster" time="0.0"/>
  <testcase name="openTaskListTest()" classname="site.bmraubo.todo.TestTaskMaster" time="0.0"/>
  <testcase name="viewTaskTest()" classname="site.bmraubo.todo.TestTaskMaster" time="0.0"/>
  <testcase name="updateTaskTest()" classname="site.bmraubo.todo.TestTaskMaster" time="0.001"/>
  <system-out><![CDATA[{"task":"a new task"}
{"task":"a new task"}
{"task":"a new task"}
{"task":"a new task"}
]]></system-out>
  <system-err><![CDATA[]]></system-err>
</testsuite>
