<?xml version="1.0" encoding="UTF-8"?>
<testsuite name="site.bmraubo.echo_server_endpoints.TestToDo" tests="3" skipped="0" failures="0" errors="0" timestamp="2022-03-11T15:03:17" hostname="Bartoszs-MacBook-Pro.local" time="0.003">
  <properties/>
  <testcase name="validateUnsupportedMediaTypeTest()" classname="site.bmraubo.echo_server_endpoints.TestToDo" time="0.001"/>
  <testcase name="contentValueValidationTest()" classname="site.bmraubo.echo_server_endpoints.TestToDo" time="0.0"/>
  <testcase name="contentTypeValidationTest()" classname="site.bmraubo.echo_server_endpoints.TestToDo" time="0.0"/>
  <system-out><![CDATA[looking at data
Data read
POST /todo HTTP/1.1
Content-Type: text/html
Connection: close
Host: 127.0.0.1:5000
User-Agent: http.rb/4.3.0
Content-Length: 10

a new task
REQUEST StringPOST /todo HTTP/1.1
Content-Type: text/html
Connection: close
Host: 127.0.0.1:5000
User-Agent: http.rb/4.3.0
Content-Length: 10

a new task
REQUEST ARRAY[Ljava.lang.String;@17d88132
POST /todo HTTP/1.1
Content-Type: text/html
Connection: close
Host: 127.0.0.1:5000
User-Agent: http.rb/4.3.0
Content-Length: 10
Body Identified
a new task
looking at data
Data read
POST /todo HTTP/1.1
Content-Type: application/xml
Connection: close
Host: 127.0.0.1:5000
User-Agent: http.rb/4.3.0
Content-Length: 10

a new task
REQUEST StringPOST /todo HTTP/1.1
Content-Type: application/xml
Connection: close
Host: 127.0.0.1:5000
User-Agent: http.rb/4.3.0
Content-Length: 10

a new task
REQUEST ARRAY[Ljava.lang.String;@16eccb2e
POST /todo HTTP/1.1
Content-Type: application/xml
Connection: close
Host: 127.0.0.1:5000
User-Agent: http.rb/4.3.0
Content-Length: 10
Body Identified
a new task
looking at data
Data read
POST /todo HTTP/1.1
Content-Type: application/json
Connection: close
Host: 127.0.0.1:5000
User-Agent: http.rb/4.3.0
Content-Length: 21

{"task":"a new task"}
REQUEST StringPOST /todo HTTP/1.1
Content-Type: application/json
Connection: close
Host: 127.0.0.1:5000
User-Agent: http.rb/4.3.0
Content-Length: 21

{"task":"a new task"}
REQUEST ARRAY[Ljava.lang.String;@5ef5c734
POST /todo HTTP/1.1
Content-Type: application/json
Connection: close
Host: 127.0.0.1:5000
User-Agent: http.rb/4.3.0
Content-Length: 21
Body Identified
{"task":"a new task"}
{"task":"a new task"}
]]></system-out>
  <system-err><![CDATA[]]></system-err>
</testsuite>
