<?xml version="1.0" encoding="UTF-8"?>
<testsuite name="site.bmraubo.http_server.TestErrorHandler" tests="4" skipped="0" failures="0" errors="0" timestamp="2022-03-11T15:03:18" hostname="Bartoszs-MacBook-Pro.local" time="0.003">
  <properties/>
  <testcase name="BadRequestErrorTest()" classname="site.bmraubo.http_server.TestErrorHandler" time="0.001"/>
  <testcase name="TimeoutErrorTest()" classname="site.bmraubo.http_server.TestErrorHandler" time="0.0"/>
  <testcase name="ServerErrorTest()" classname="site.bmraubo.http_server.TestErrorHandler" time="0.0"/>
  <testcase name="ResourceNotFoundTest()" classname="site.bmraubo.http_server.TestErrorHandler" time="0.0"/>
  <system-out><![CDATA[Resource not Found
]]></system-out>
  <system-err><![CDATA[]]></system-err>
</testsuite>
