<?xml version="1.0" encoding="UTF-8"?>
<testsuite name="site.bmraubo.http_server.TestResponseBuilder" tests="6" skipped="0" failures="0" errors="0" timestamp="2022-03-11T15:03:18" hostname="Bartoszs-MacBook-Pro.local" time="0.004">
  <properties/>
  <testcase name="setHeaderTest()" classname="site.bmraubo.http_server.TestResponseBuilder" time="0.001"/>
  <testcase name="createTextResponseBuilder()" classname="site.bmraubo.http_server.TestResponseBuilder" time="0.001"/>
  <testcase name="generateResponseLineTest()" classname="site.bmraubo.http_server.TestResponseBuilder" time="0.0"/>
  <testcase name="set200StatusCodeTest()" classname="site.bmraubo.http_server.TestResponseBuilder" time="0.0"/>
  <testcase name="generateHeadersTest()" classname="site.bmraubo.http_server.TestResponseBuilder" time="0.0"/>
  <testcase name="setResponseTextBodyTest()" classname="site.bmraubo.http_server.TestResponseBuilder" time="0.0"/>
  <system-out><![CDATA[]]></system-out>
  <system-err><![CDATA[]]></system-err>
</testsuite>
