<?xml version="1.0" encoding="UTF-8"?>
<testsuite name="site.bmraubo.http_server.TestResponse" tests="1" skipped="0" failures="0" errors="0" timestamp="2022-03-11T15:03:18" hostname="Bartoszs-MacBook-Pro.local" time="0.001">
  <properties/>
  <testcase name="generateResponseTest()" classname="site.bmraubo.http_server.TestResponse" time="0.001"/>
  <system-out><![CDATA[]]></system-out>
  <system-err><![CDATA[]]></system-err>
</testsuite>
