<?xml version="1.0" encoding="UTF-8"?>
<testsuite name="site.bmraubo.http_server.TestConnection" tests="5" skipped="0" failures="0" errors="0" timestamp="2022-03-11T15:03:18" hostname="Bartoszs-MacBook-Pro.local" time="0.004">
  <properties/>
  <testcase name="CloseConnectionTest()" classname="site.bmraubo.http_server.TestConnection" time="0.0"/>
  <testcase name="RouteConnectionTest()" classname="site.bmraubo.http_server.TestConnection" time="0.001"/>
  <testcase name="TestOpenIOStreams()" classname="site.bmraubo.http_server.TestConnection" time="0.001"/>
  <testcase name="BuildRequestTest()" classname="site.bmraubo.http_server.TestConnection" time="0.0"/>
  <testcase name="SendResponseTest()" classname="site.bmraubo.http_server.TestConnection" time="0.0"/>
  <system-out><![CDATA[looking at data
Data read
GET /simple_get HTTP/1.1

REQUEST StringGET /simple_get HTTP/1.1

REQUEST ARRAY[Ljava.lang.String;@c7ba306
GET /simple_get HTTP/1.1
No Body Identified
Simple Get Identified
looking at data
Data read
GET /simple_get HTTP/1.1

REQUEST StringGET /simple_get HTTP/1.1

REQUEST ARRAY[Ljava.lang.String;@4ff8d125
GET /simple_get HTTP/1.1
No Body Identified
Simple Get Identified
looking at data
Data read
GET /simple_get HTTP/1.1

REQUEST StringGET /simple_get HTTP/1.1

REQUEST ARRAY[Ljava.lang.String;@6d167f58
GET /simple_get HTTP/1.1
No Body Identified
Simple Get Identified
looking at data
Data read
GET /simple_get HTTP/1.1

REQUEST StringGET /simple_get HTTP/1.1

REQUEST ARRAY[Ljava.lang.String;@3403e2ac
GET /simple_get HTTP/1.1
No Body Identified
Simple Get Identified
looking at data
Data read
GET /simple_get HTTP/1.1

REQUEST StringGET /simple_get HTTP/1.1

REQUEST ARRAY[Ljava.lang.String;@65b104b9
GET /simple_get HTTP/1.1
No Body Identified
Simple Get Identified
]]></system-out>
  <system-err><![CDATA[]]></system-err>
</testsuite>
