<?xml version="1.0" encoding="UTF-8"?>
<testsuite name="site.bmraubo.todo.TestTaskList" tests="4" skipped="0" failures="0" errors="0" timestamp="2022-03-11T15:03:17" hostname="Bartoszs-MacBook-Pro.local" time="0.003">
  <properties/>
  <testcase name="removeTaskTest()" classname="site.bmraubo.todo.TestTaskList" time="0.001"/>
  <testcase name="generateTaskListTest()" classname="site.bmraubo.todo.TestTaskList" time="0.001"/>
  <testcase name="addTaskTest()" classname="site.bmraubo.todo.TestTaskList" time="0.0"/>
  <testcase name="findTaskByID()" classname="site.bmraubo.todo.TestTaskList" time="0.0"/>
  <system-out><![CDATA[{"task":"a new task"}
{"task":"a new task"}
{"task":"a new task"}
]]></system-out>
  <system-err><![CDATA[]]></system-err>
</testsuite>
