<?xml version="1.0" encoding="UTF-8"?>
<testsuite name="site.bmraubo.todo.TestTask" tests="2" skipped="0" failures="0" errors="0" timestamp="2022-03-11T15:03:18" hostname="Bartoszs-MacBook-Pro.local" time="0.001">
  <properties/>
  <testcase name="createTaskTest()" classname="site.bmraubo.todo.TestTask" time="0.0"/>
  <testcase name="setTaskIDTest()" classname="site.bmraubo.todo.TestTask" time="0.001"/>
  <system-out><![CDATA[{"task":"a new task"}
{"task":"a new task", "done": "false"}
{"id": "23","task":"a new task"}
{"task":"a new task"}
]]></system-out>
  <system-err><![CDATA[]]></system-err>
</testsuite>
